<?xml version="1.0" encoding="utf-8"?><testsuite errors="0" failures="0" name="pytest" skips="0" tests="16" time="0.368"><testcase classname="pytests.test_index" file="pytests/test_index.py" line="9" name="test_conda_environment_activated" time="0.0015010833740234375"></testcase><testcase classname="pytests.test_index" file="pytests/test_index.py" line="12" name="test_yell_hello" time="0.0006771087646484375"></testcase><testcase classname="pytests.test_index" file="pytests/test_index.py" line="16" name="test_whisper_hey" time="0.0006315708160400391"></testcase><testcase classname="pytests.test_index" file="pytests/test_index.py" line="20" name="test_flatiorn_mantra" time="0.0005888938903808594"></testcase><testcase classname="pytests.test_index" file="pytests/test_index.py" line="24" name="test_type_string" time="0.0006401538848876953"></testcase><testcase classname="pytests.test_index" file="pytests/test_index.py" line="28" name="test_type_list" time="0.0006003379821777344"></testcase><testcase classname="pytests.test_index" file="pytests/test_index.py" line="32" name="test_lenght_of_list" time="0.0006489753723144531"></testcase><testcase classname="pytests.test_index" file="pytests/test_index.py" line="36" name="test_longest_word_in_list" time="0.0006697177886962891"></testcase><testcase classname="pytests.test_index" file="pytests/test_index.py" line="40" name="test_smallest_number" time="0.0007164478302001953"></testcase><testcase classname="pytests.test_index" file="pytests/test_index.py" line="44" name="test_sum_of_numbers" time="0.0005903244018554688"></testcase><testcase classname="pytests.test_index" file="pytests/test_index.py" line="48" name="test_boolean_compare" time="0.0007572174072265625"></testcase><testcase classname="pytests.test_index" file="pytests/test_index.py" line="52" name="test_number_compare" time="0.0005900859832763672"></testcase><testcase classname="pytests.test_index" file="pytests/test_index.py" line="57" name="test_string_compare" time="0.0006275177001953125"></testcase><testcase classname="pytests.test_index" file="pytests/test_index.py" line="62" name="test_list_compare" time="0.0005919933319091797"></testcase><testcase classname="pytests.test_index" file="pytests/test_index.py" line="69" name="test_logical_compare" time="0.0005719661712646484"></testcase><testcase classname="pytests.test_index" file="pytests/test_index.py" line="78" name="test_identity_compare" time="0.0006792545318603516"></testcase></testsuite>